2023-05-05 16:17:43.082 [info] Added views:workbench.panel.markers.view in workbench.panel.markers
2023-05-05 16:17:43.082 [info] Added views:workbench.panel.output in workbench.panel.output
2023-05-05 16:17:43.082 [info] Added views:terminal in terminal
2023-05-05 16:17:43.082 [info] Added views:outline in workbench.view.explorer
2023-05-05 16:17:43.082 [info] Added views:workbench.scm in workbench.view.scm
2023-05-05 16:17:43.082 [info] Added views:workbench.view.search in workbench.view.search
2023-05-05 16:17:43.082 [info] Added views:timeline in workbench.view.explorer
2023-05-05 16:17:43.082 [info] Added views:workbench.explorer.emptyView in workbench.view.explorer
2023-05-05 16:17:43.131 [info] Added views:workbench.debug.variablesView,workbench.debug.watchExpressionsView,workbench.debug.callStackView,workbench.debug.breakPointsView in workbench.view.debug
2023-05-05 16:17:43.584 [info] Added views:postgres in workbench.view.extension.postgres-explorer
2023-05-05 16:17:43.584 [info] Added views:gitlens.views.home,gitlens.views.contributors in workbench.view.extension.gitlens
2023-05-05 16:17:43.585 [info] Added views:gitlens.views.commits,gitlens.views.commitDetails,gitlens.views.fileHistory,gitlens.views.branches,gitlens.views.remotes,gitlens.views.stashes,gitlens.views.tags,gitlens.views.searchAndCompare in workbench.view.scm
2023-05-05 16:17:43.585 [info] Added views:dockerContainers,dockerImages,dockerRegistries,dockerNetworks,dockerVolumes,vscode-docker.views.dockerContexts,vscode-docker.views.help in workbench.view.extension.dockerView
2023-05-05 16:17:43.585 [info] Added views:objectExplorer,queryHistory in workbench.view.extension.objectExplorer
2023-05-05 16:17:43.586 [info] Added views:targetsContainers,devVolumes in workbench.view.remote
2023-05-05 16:17:43.734 [info] Added views:workbench.panel.repl.view in workbench.panel.repl
2023-05-05 16:17:43.735 [info] Removed views:workbench.debug.breakPointsView,workbench.debug.callStackView,workbench.debug.watchExpressionsView,workbench.debug.variablesView from workbench.view.debug
2023-05-05 16:17:43.735 [info] Added views:workbench.debug.welcome in workbench.view.debug
2023-05-05 16:17:43.923 [info] Added views:dataworkspace.views.main in workbench.view.extension.dataworkspace
2023-05-05 16:17:44.411 [info] Removed views:gitlens.views.contributors from workbench.view.extension.gitlens
2023-05-05 16:17:44.411 [info] Removed views:gitlens.views.searchAndCompare,gitlens.views.tags,gitlens.views.stashes,gitlens.views.remotes,gitlens.views.branches,gitlens.views.fileHistory,gitlens.views.commitDetails,gitlens.views.commits from workbench.view.scm
2023-05-05 16:17:44.542 [info] Added views:liveshare.session in workbench.view.extension.liveshare
