2023-05-06 03:14:36.409 [info] Extension host with pid 73801 started
2023-05-06 03:14:36.483 [info] ExtensionService#_doActivateExtension vscode.github-authentication, startup: false, activationEvent: 'onAuthenticationRequest:github'
2023-05-06 03:14:36.520 [info] ExtensionService#_doActivateExtension vscode.git-base, startup: true, activationEvent: '*', root cause: vscode.git
2023-05-06 03:14:36.523 [info] ExtensionService#_doActivateExtension ckolkman.vscode-postgres, startup: true, activationEvent: '*'
2023-05-06 03:14:36.648 [info] ExtensionService#_doActivateExtension ms-mssql.data-workspace-vscode, startup: true, activationEvent: '*'
2023-05-06 03:14:36.733 [info] ExtensionService#_doActivateExtension vscode.git, startup: true, activationEvent: '*'
2023-05-06 03:14:36.779 [info] ExtensionService#_doActivateExtension vscode.github, startup: true, activationEvent: '*'
2023-05-06 03:14:36.804 [info] ExtensionService#_doActivateExtension vscode.microsoft-authentication, startup: false, activationEvent: 'onAuthenticationRequest:microsoft'
2023-05-06 03:14:36.881 [info] Eager extensions activated
2023-05-06 03:14:36.893 [info] ExtensionService#_doActivateExtension vscode.debug-auto-launch, startup: false, activationEvent: 'onStartupFinished'
2023-05-06 03:14:36.894 [info] ExtensionService#_doActivateExtension vscode.merge-conflict, startup: false, activationEvent: 'onStartupFinished'
2023-05-06 03:14:36.906 [info] ExtensionService#_doActivateExtension dbaeumer.vscode-eslint, startup: false, activationEvent: 'onStartupFinished'
2023-05-06 03:14:36.923 [info] ExtensionService#_doActivateExtension eamodio.gitlens, startup: false, activationEvent: 'onStartupFinished'
2023-05-06 03:14:36.977 [info] ExtensionService#_doActivateExtension vscode.npm, startup: false, activationEvent: 'onStartupFinished', root cause: esbenp.prettier-vscode
2023-05-06 03:14:37.007 [info] ExtensionService#_doActivateExtension ms-vscode-remote.remote-containers, startup: false, activationEvent: 'onStartupFinished'
2023-05-06 03:14:37.055 [info] ExtensionService#_doActivateExtension ms-vsliveshare.vsliveshare, startup: false, activationEvent: 'onStartupFinished'
2023-05-06 03:14:37.209 [info] ExtensionService#_doActivateExtension stylelint.vscode-stylelint, startup: false, activationEvent: 'onStartupFinished'
2023-05-06 03:14:37.228 [info] ExtensionService#_doActivateExtension vadimcn.vscode-lldb, startup: false, activationEvent: 'onStartupFinished'
2023-05-06 03:14:37.297 [info] ExtensionService#_doActivateExtension esbenp.prettier-vscode, startup: false, activationEvent: 'onStartupFinished'
2023-05-08 10:24:16.708 [info] Extension host terminating: renderer closed the MessagePort
2023-05-08 10:24:16.748 [error] Canceled: Canceled
	at new l (/Applications/Visual Studio Code.app/Contents/Resources/app/out/vs/workbench/api/node/extensionHostProcess.js:98:105190)
	at c.O (/Applications/Visual Studio Code.app/Contents/Resources/app/out/vs/workbench/api/node/extensionHostProcess.js:108:11692)
	at G.<computed>.Q.charCodeAt.G.<computed> (/Applications/Visual Studio Code.app/Contents/Resources/app/out/vs/workbench/api/node/extensionHostProcess.js:108:8967)
	at m.g (/Applications/Visual Studio Code.app/Contents/Resources/app/out/vs/workbench/api/node/extensionHostProcess.js:98:125211)
	at m.executeCommand (/Applications/Visual Studio Code.app/Contents/Resources/app/out/vs/workbench/api/node/extensionHostProcess.js:98:124587)
	at L.registerCommand.description (/Applications/Visual Studio Code.app/Contents/Resources/app/out/vs/workbench/api/node/extensionHostProcess.js:98:123880)
	at m.h (/Applications/Visual Studio Code.app/Contents/Resources/app/out/vs/workbench/api/node/extensionHostProcess.js:98:125797)
	at m.g (/Applications/Visual Studio Code.app/Contents/Resources/app/out/vs/workbench/api/node/extensionHostProcess.js:98:124687)
	at m.executeCommand (/Applications/Visual Studio Code.app/Contents/Resources/app/out/vs/workbench/api/node/extensionHostProcess.js:98:124587)
	at Object.executeCommand (/Applications/Visual Studio Code.app/Contents/Resources/app/out/vs/workbench/api/node/extensionHostProcess.js:114:23801)
	at g (/Users/adib/.vscode/extensions/eamodio.gitlens-13.5.0/dist/gitlens.js:1:868259)
	at c (/Users/adib/.vscode/extensions/eamodio.gitlens-13.5.0/dist/gitlens.js:1:608698)
	at ActionRunners._updateContextKeys (/Users/adib/.vscode/extensions/eamodio.gitlens-13.5.0/dist/gitlens.js:1:37566)
	at s (/Users/adib/.vscode/extensions/eamodio.gitlens-13.5.0/dist/gitlens.js:1:35985)
	at RegisteredActionRunner.unregister (/Users/adib/.vscode/extensions/eamodio.gitlens-13.5.0/dist/gitlens.js:1:36129)
	at RegisteredActionRunner.dispose (/Users/adib/.vscode/extensions/eamodio.gitlens-13.5.0/dist/gitlens.js:1:34794)
	at ActionRunners.dispose (/Users/adib/.vscode/extensions/eamodio.gitlens-13.5.0/dist/gitlens.js:1:35571)
	at C (/Applications/Visual Studio Code.app/Contents/Resources/app/out/vs/workbench/api/node/extensionHostProcess.js:10:12084)
	at E.Y (/Applications/Visual Studio Code.app/Contents/Resources/app/out/vs/workbench/api/node/extensionHostProcess.js:110:11147)
	at /Applications/Visual Studio Code.app/Contents/Resources/app/out/vs/workbench/api/node/extensionHostProcess.js:110:9131
	at Array.map (<anonymous>)
	at E.R (/Applications/Visual Studio Code.app/Contents/Resources/app/out/vs/workbench/api/node/extensionHostProcess.js:110:9118)
	at E.terminate (/Applications/Visual Studio Code.app/Contents/Resources/app/out/vs/workbench/api/node/extensionHostProcess.js:110:9389)
	at d.terminate (/Applications/Visual Studio Code.app/Contents/Resources/app/out/vs/workbench/api/node/extensionHostProcess.js:114:1544)
	at p (/Applications/Visual Studio Code.app/Contents/Resources/app/out/vs/workbench/api/node/extensionHostProcess.js:124:18690)
	at MessagePortMain.<anonymous> (/Applications/Visual Studio Code.app/Contents/Resources/app/out/vs/workbench/api/node/extensionHostProcess.js:124:14829)
	at MessagePortMain.emit (node:events:526:28)
	at MessagePortMain._internalPort.emit (node:electron/js2c/utility_init:5:364) setContext undefined
2023-05-08 10:24:16.749 [error] Canceled: Canceled
	at new l (/Applications/Visual Studio Code.app/Contents/Resources/app/out/vs/workbench/api/node/extensionHostProcess.js:98:105190)
	at c.O (/Applications/Visual Studio Code.app/Contents/Resources/app/out/vs/workbench/api/node/extensionHostProcess.js:108:11692)
	at G.<computed>.Q.charCodeAt.G.<computed> (/Applications/Visual Studio Code.app/Contents/Resources/app/out/vs/workbench/api/node/extensionHostProcess.js:108:8967)
	at m.g (/Applications/Visual Studio Code.app/Contents/Resources/app/out/vs/workbench/api/node/extensionHostProcess.js:98:125211)
	at m.executeCommand (/Applications/Visual Studio Code.app/Contents/Resources/app/out/vs/workbench/api/node/extensionHostProcess.js:98:124587)
	at L.registerCommand.description (/Applications/Visual Studio Code.app/Contents/Resources/app/out/vs/workbench/api/node/extensionHostProcess.js:98:123880)
	at m.h (/Applications/Visual Studio Code.app/Contents/Resources/app/out/vs/workbench/api/node/extensionHostProcess.js:98:125797)
	at m.g (/Applications/Visual Studio Code.app/Contents/Resources/app/out/vs/workbench/api/node/extensionHostProcess.js:98:124687)
	at m.executeCommand (/Applications/Visual Studio Code.app/Contents/Resources/app/out/vs/workbench/api/node/extensionHostProcess.js:98:124587)
	at Object.executeCommand (/Applications/Visual Studio Code.app/Contents/Resources/app/out/vs/workbench/api/node/extensionHostProcess.js:114:23801)
	at g (/Users/adib/.vscode/extensions/eamodio.gitlens-13.5.0/dist/gitlens.js:1:868259)
	at c (/Users/adib/.vscode/extensions/eamodio.gitlens-13.5.0/dist/gitlens.js:1:608698)
	at ActionRunners._updateContextKeys (/Users/adib/.vscode/extensions/eamodio.gitlens-13.5.0/dist/gitlens.js:1:37566)
	at s (/Users/adib/.vscode/extensions/eamodio.gitlens-13.5.0/dist/gitlens.js:1:35985)
	at RegisteredActionRunner.unregister (/Users/adib/.vscode/extensions/eamodio.gitlens-13.5.0/dist/gitlens.js:1:36129)
	at RegisteredActionRunner.dispose (/Users/adib/.vscode/extensions/eamodio.gitlens-13.5.0/dist/gitlens.js:1:34794)
	at ActionRunners.dispose (/Users/adib/.vscode/extensions/eamodio.gitlens-13.5.0/dist/gitlens.js:1:35571)
	at C (/Applications/Visual Studio Code.app/Contents/Resources/app/out/vs/workbench/api/node/extensionHostProcess.js:10:12084)
	at E.Y (/Applications/Visual Studio Code.app/Contents/Resources/app/out/vs/workbench/api/node/extensionHostProcess.js:110:11147)
	at /Applications/Visual Studio Code.app/Contents/Resources/app/out/vs/workbench/api/node/extensionHostProcess.js:110:9131
	at Array.map (<anonymous>)
	at E.R (/Applications/Visual Studio Code.app/Contents/Resources/app/out/vs/workbench/api/node/extensionHostProcess.js:110:9118)
	at E.terminate (/Applications/Visual Studio Code.app/Contents/Resources/app/out/vs/workbench/api/node/extensionHostProcess.js:110:9389)
	at d.terminate (/Applications/Visual Studio Code.app/Contents/Resources/app/out/vs/workbench/api/node/extensionHostProcess.js:114:1544)
	at p (/Applications/Visual Studio Code.app/Contents/Resources/app/out/vs/workbench/api/node/extensionHostProcess.js:124:18690)
	at MessagePortMain.<anonymous> (/Applications/Visual Studio Code.app/Contents/Resources/app/out/vs/workbench/api/node/extensionHostProcess.js:124:14829)
	at MessagePortMain.emit (node:events:526:28)
	at MessagePortMain._internalPort.emit (node:electron/js2c/utility_init:5:364) setContext undefined
2023-05-08 10:24:16.749 [error] Canceled: Canceled
	at new l (/Applications/Visual Studio Code.app/Contents/Resources/app/out/vs/workbench/api/node/extensionHostProcess.js:98:105190)
	at c.O (/Applications/Visual Studio Code.app/Contents/Resources/app/out/vs/workbench/api/node/extensionHostProcess.js:108:11692)
	at G.<computed>.Q.charCodeAt.G.<computed> (/Applications/Visual Studio Code.app/Contents/Resources/app/out/vs/workbench/api/node/extensionHostProcess.js:108:8967)
	at m.g (/Applications/Visual Studio Code.app/Contents/Resources/app/out/vs/workbench/api/node/extensionHostProcess.js:98:125211)
	at m.executeCommand (/Applications/Visual Studio Code.app/Contents/Resources/app/out/vs/workbench/api/node/extensionHostProcess.js:98:124587)
	at L.registerCommand.description (/Applications/Visual Studio Code.app/Contents/Resources/app/out/vs/workbench/api/node/extensionHostProcess.js:98:123880)
	at m.h (/Applications/Visual Studio Code.app/Contents/Resources/app/out/vs/workbench/api/node/extensionHostProcess.js:98:125797)
	at m.g (/Applications/Visual Studio Code.app/Contents/Resources/app/out/vs/workbench/api/node/extensionHostProcess.js:98:124687)
	at m.executeCommand (/Applications/Visual Studio Code.app/Contents/Resources/app/out/vs/workbench/api/node/extensionHostProcess.js:98:124587)
	at Object.executeCommand (/Applications/Visual Studio Code.app/Contents/Resources/app/out/vs/workbench/api/node/extensionHostProcess.js:114:23801)
	at g (/Users/adib/.vscode/extensions/eamodio.gitlens-13.5.0/dist/gitlens.js:1:868259)
	at c (/Users/adib/.vscode/extensions/eamodio.gitlens-13.5.0/dist/gitlens.js:1:608698)
	at ActionRunners._updateContextKeys (/Users/adib/.vscode/extensions/eamodio.gitlens-13.5.0/dist/gitlens.js:1:37566)
	at s (/Users/adib/.vscode/extensions/eamodio.gitlens-13.5.0/dist/gitlens.js:1:35985)
	at RegisteredActionRunner.unregister (/Users/adib/.vscode/extensions/eamodio.gitlens-13.5.0/dist/gitlens.js:1:36129)
	at RegisteredActionRunner.dispose (/Users/adib/.vscode/extensions/eamodio.gitlens-13.5.0/dist/gitlens.js:1:34794)
	at ActionRunners.dispose (/Users/adib/.vscode/extensions/eamodio.gitlens-13.5.0/dist/gitlens.js:1:35571)
	at C (/Applications/Visual Studio Code.app/Contents/Resources/app/out/vs/workbench/api/node/extensionHostProcess.js:10:12084)
	at E.Y (/Applications/Visual Studio Code.app/Contents/Resources/app/out/vs/workbench/api/node/extensionHostProcess.js:110:11147)
	at /Applications/Visual Studio Code.app/Contents/Resources/app/out/vs/workbench/api/node/extensionHostProcess.js:110:9131
	at Array.map (<anonymous>)
	at E.R (/Applications/Visual Studio Code.app/Contents/Resources/app/out/vs/workbench/api/node/extensionHostProcess.js:110:9118)
	at E.terminate (/Applications/Visual Studio Code.app/Contents/Resources/app/out/vs/workbench/api/node/extensionHostProcess.js:110:9389)
	at d.terminate (/Applications/Visual Studio Code.app/Contents/Resources/app/out/vs/workbench/api/node/extensionHostProcess.js:114:1544)
	at p (/Applications/Visual Studio Code.app/Contents/Resources/app/out/vs/workbench/api/node/extensionHostProcess.js:124:18690)
	at MessagePortMain.<anonymous> (/Applications/Visual Studio Code.app/Contents/Resources/app/out/vs/workbench/api/node/extensionHostProcess.js:124:14829)
	at MessagePortMain.emit (node:events:526:28)
	at MessagePortMain._internalPort.emit (node:electron/js2c/utility_init:5:364) setContext undefined
2023-05-08 10:24:16.749 [error] Canceled: Canceled
	at new l (/Applications/Visual Studio Code.app/Contents/Resources/app/out/vs/workbench/api/node/extensionHostProcess.js:98:105190)
	at c.O (/Applications/Visual Studio Code.app/Contents/Resources/app/out/vs/workbench/api/node/extensionHostProcess.js:108:11692)
	at G.<computed>.Q.charCodeAt.G.<computed> (/Applications/Visual Studio Code.app/Contents/Resources/app/out/vs/workbench/api/node/extensionHostProcess.js:108:8967)
	at m.g (/Applications/Visual Studio Code.app/Contents/Resources/app/out/vs/workbench/api/node/extensionHostProcess.js:98:125211)
	at m.executeCommand (/Applications/Visual Studio Code.app/Contents/Resources/app/out/vs/workbench/api/node/extensionHostProcess.js:98:124587)
	at L.registerCommand.description (/Applications/Visual Studio Code.app/Contents/Resources/app/out/vs/workbench/api/node/extensionHostProcess.js:98:123880)
	at m.h (/Applications/Visual Studio Code.app/Contents/Resources/app/out/vs/workbench/api/node/extensionHostProcess.js:98:125797)
	at m.g (/Applications/Visual Studio Code.app/Contents/Resources/app/out/vs/workbench/api/node/extensionHostProcess.js:98:124687)
	at m.executeCommand (/Applications/Visual Studio Code.app/Contents/Resources/app/out/vs/workbench/api/node/extensionHostProcess.js:98:124587)
	at Object.executeCommand (/Applications/Visual Studio Code.app/Contents/Resources/app/out/vs/workbench/api/node/extensionHostProcess.js:114:23801)
	at g (/Users/adib/.vscode/extensions/eamodio.gitlens-13.5.0/dist/gitlens.js:1:868259)
	at c (/Users/adib/.vscode/extensions/eamodio.gitlens-13.5.0/dist/gitlens.js:1:608698)
	at ActionRunners._updateContextKeys (/Users/adib/.vscode/extensions/eamodio.gitlens-13.5.0/dist/gitlens.js:1:37566)
	at s (/Users/adib/.vscode/extensions/eamodio.gitlens-13.5.0/dist/gitlens.js:1:35985)
	at RegisteredActionRunner.unregister (/Users/adib/.vscode/extensions/eamodio.gitlens-13.5.0/dist/gitlens.js:1:36129)
	at RegisteredActionRunner.dispose (/Users/adib/.vscode/extensions/eamodio.gitlens-13.5.0/dist/gitlens.js:1:34794)
	at Object.dispose (/Users/adib/.vscode/extensions/eamodio.gitlens-13.5.0/dist/gitlens.js:1:36226)
	at C (/Applications/Visual Studio Code.app/Contents/Resources/app/out/vs/workbench/api/node/extensionHostProcess.js:10:12084)
	at E.Y (/Applications/Visual Studio Code.app/Contents/Resources/app/out/vs/workbench/api/node/extensionHostProcess.js:110:11147)
	at /Applications/Visual Studio Code.app/Contents/Resources/app/out/vs/workbench/api/node/extensionHostProcess.js:110:9131
	at Array.map (<anonymous>)
	at E.R (/Applications/Visual Studio Code.app/Contents/Resources/app/out/vs/workbench/api/node/extensionHostProcess.js:110:9118)
	at E.terminate (/Applications/Visual Studio Code.app/Contents/Resources/app/out/vs/workbench/api/node/extensionHostProcess.js:110:9389)
	at d.terminate (/Applications/Visual Studio Code.app/Contents/Resources/app/out/vs/workbench/api/node/extensionHostProcess.js:114:1544)
	at p (/Applications/Visual Studio Code.app/Contents/Resources/app/out/vs/workbench/api/node/extensionHostProcess.js:124:18690)
	at MessagePortMain.<anonymous> (/Applications/Visual Studio Code.app/Contents/Resources/app/out/vs/workbench/api/node/extensionHostProcess.js:124:14829)
	at MessagePortMain.emit (node:events:526:28)
	at MessagePortMain._internalPort.emit (node:electron/js2c/utility_init:5:364) setContext undefined
2023-05-08 10:24:16.749 [error] Canceled: Canceled
	at new l (/Applications/Visual Studio Code.app/Contents/Resources/app/out/vs/workbench/api/node/extensionHostProcess.js:98:105190)
	at c.O (/Applications/Visual Studio Code.app/Contents/Resources/app/out/vs/workbench/api/node/extensionHostProcess.js:108:11692)
	at G.<computed>.Q.charCodeAt.G.<computed> (/Applications/Visual Studio Code.app/Contents/Resources/app/out/vs/workbench/api/node/extensionHostProcess.js:108:8967)
	at m.g (/Applications/Visual Studio Code.app/Contents/Resources/app/out/vs/workbench/api/node/extensionHostProcess.js:98:125211)
	at m.executeCommand (/Applications/Visual Studio Code.app/Contents/Resources/app/out/vs/workbench/api/node/extensionHostProcess.js:98:124587)
	at L.registerCommand.description (/Applications/Visual Studio Code.app/Contents/Resources/app/out/vs/workbench/api/node/extensionHostProcess.js:98:123880)
	at m.h (/Applications/Visual Studio Code.app/Contents/Resources/app/out/vs/workbench/api/node/extensionHostProcess.js:98:125797)
	at m.g (/Applications/Visual Studio Code.app/Contents/Resources/app/out/vs/workbench/api/node/extensionHostProcess.js:98:124687)
	at m.executeCommand (/Applications/Visual Studio Code.app/Contents/Resources/app/out/vs/workbench/api/node/extensionHostProcess.js:98:124587)
	at Object.executeCommand (/Applications/Visual Studio Code.app/Contents/Resources/app/out/vs/workbench/api/node/extensionHostProcess.js:114:23801)
	at g (/Users/adib/.vscode/extensions/eamodio.gitlens-13.5.0/dist/gitlens.js:1:868259)
	at c (/Users/adib/.vscode/extensions/eamodio.gitlens-13.5.0/dist/gitlens.js:1:608698)
	at ActionRunners._updateContextKeys (/Users/adib/.vscode/extensions/eamodio.gitlens-13.5.0/dist/gitlens.js:1:37566)
	at s (/Users/adib/.vscode/extensions/eamodio.gitlens-13.5.0/dist/gitlens.js:1:35985)
	at RegisteredActionRunner.unregister (/Users/adib/.vscode/extensions/eamodio.gitlens-13.5.0/dist/gitlens.js:1:36129)
	at RegisteredActionRunner.dispose (/Users/adib/.vscode/extensions/eamodio.gitlens-13.5.0/dist/gitlens.js:1:34794)
	at Object.dispose (/Users/adib/.vscode/extensions/eamodio.gitlens-13.5.0/dist/gitlens.js:1:36226)
	at C (/Applications/Visual Studio Code.app/Contents/Resources/app/out/vs/workbench/api/node/extensionHostProcess.js:10:12084)
	at E.Y (/Applications/Visual Studio Code.app/Contents/Resources/app/out/vs/workbench/api/node/extensionHostProcess.js:110:11147)
	at /Applications/Visual Studio Code.app/Contents/Resources/app/out/vs/workbench/api/node/extensionHostProcess.js:110:9131
	at Array.map (<anonymous>)
	at E.R (/Applications/Visual Studio Code.app/Contents/Resources/app/out/vs/workbench/api/node/extensionHostProcess.js:110:9118)
	at E.terminate (/Applications/Visual Studio Code.app/Contents/Resources/app/out/vs/workbench/api/node/extensionHostProcess.js:110:9389)
	at d.terminate (/Applications/Visual Studio Code.app/Contents/Resources/app/out/vs/workbench/api/node/extensionHostProcess.js:114:1544)
	at p (/Applications/Visual Studio Code.app/Contents/Resources/app/out/vs/workbench/api/node/extensionHostProcess.js:124:18690)
	at MessagePortMain.<anonymous> (/Applications/Visual Studio Code.app/Contents/Resources/app/out/vs/workbench/api/node/extensionHostProcess.js:124:14829)
	at MessagePortMain.emit (node:events:526:28)
	at MessagePortMain._internalPort.emit (node:electron/js2c/utility_init:5:364) setContext undefined
2023-05-08 10:24:16.749 [error] Canceled: Canceled
	at new l (/Applications/Visual Studio Code.app/Contents/Resources/app/out/vs/workbench/api/node/extensionHostProcess.js:98:105190)
	at c.O (/Applications/Visual Studio Code.app/Contents/Resources/app/out/vs/workbench/api/node/extensionHostProcess.js:108:11692)
	at G.<computed>.Q.charCodeAt.G.<computed> (/Applications/Visual Studio Code.app/Contents/Resources/app/out/vs/workbench/api/node/extensionHostProcess.js:108:8967)
	at m.g (/Applications/Visual Studio Code.app/Contents/Resources/app/out/vs/workbench/api/node/extensionHostProcess.js:98:125211)
	at m.executeCommand (/Applications/Visual Studio Code.app/Contents/Resources/app/out/vs/workbench/api/node/extensionHostProcess.js:98:124587)
	at L.registerCommand.description (/Applications/Visual Studio Code.app/Contents/Resources/app/out/vs/workbench/api/node/extensionHostProcess.js:98:123880)
	at m.h (/Applications/Visual Studio Code.app/Contents/Resources/app/out/vs/workbench/api/node/extensionHostProcess.js:98:125797)
	at m.g (/Applications/Visual Studio Code.app/Contents/Resources/app/out/vs/workbench/api/node/extensionHostProcess.js:98:124687)
	at m.executeCommand (/Applications/Visual Studio Code.app/Contents/Resources/app/out/vs/workbench/api/node/extensionHostProcess.js:98:124587)
	at Object.executeCommand (/Applications/Visual Studio Code.app/Contents/Resources/app/out/vs/workbench/api/node/extensionHostProcess.js:114:23801)
	at g (/Users/adib/.vscode/extensions/eamodio.gitlens-13.5.0/dist/gitlens.js:1:868259)
	at c (/Users/adib/.vscode/extensions/eamodio.gitlens-13.5.0/dist/gitlens.js:1:608698)
	at ActionRunners._updateContextKeys (/Users/adib/.vscode/extensions/eamodio.gitlens-13.5.0/dist/gitlens.js:1:37566)
	at s (/Users/adib/.vscode/extensions/eamodio.gitlens-13.5.0/dist/gitlens.js:1:35985)
	at RegisteredActionRunner.unregister (/Users/adib/.vscode/extensions/eamodio.gitlens-13.5.0/dist/gitlens.js:1:36129)
	at RegisteredActionRunner.dispose (/Users/adib/.vscode/extensions/eamodio.gitlens-13.5.0/dist/gitlens.js:1:34794)
	at Object.dispose (/Users/adib/.vscode/extensions/eamodio.gitlens-13.5.0/dist/gitlens.js:1:36226)
	at C (/Applications/Visual Studio Code.app/Contents/Resources/app/out/vs/workbench/api/node/extensionHostProcess.js:10:12084)
	at E.Y (/Applications/Visual Studio Code.app/Contents/Resources/app/out/vs/workbench/api/node/extensionHostProcess.js:110:11147)
	at /Applications/Visual Studio Code.app/Contents/Resources/app/out/vs/workbench/api/node/extensionHostProcess.js:110:9131
	at Array.map (<anonymous>)
	at E.R (/Applications/Visual Studio Code.app/Contents/Resources/app/out/vs/workbench/api/node/extensionHostProcess.js:110:9118)
	at E.terminate (/Applications/Visual Studio Code.app/Contents/Resources/app/out/vs/workbench/api/node/extensionHostProcess.js:110:9389)
	at d.terminate (/Applications/Visual Studio Code.app/Contents/Resources/app/out/vs/workbench/api/node/extensionHostProcess.js:114:1544)
	at p (/Applications/Visual Studio Code.app/Contents/Resources/app/out/vs/workbench/api/node/extensionHostProcess.js:124:18690)
	at MessagePortMain.<anonymous> (/Applications/Visual Studio Code.app/Contents/Resources/app/out/vs/workbench/api/node/extensionHostProcess.js:124:14829)
	at MessagePortMain.emit (node:events:526:28)
	at MessagePortMain._internalPort.emit (node:electron/js2c/utility_init:5:364) setContext undefined
2023-05-08 10:24:16.749 [info] Extension host with pid 73801 exiting with code 0
